<?xml version="1.0" encoding="UTF-8"?>
<!-- Generated by org.testng.reporters.JUnitXMLReporter -->
<testsuite hostname="DESKTOP-CTN8QTI" ignored="0" name="Surefire test" tests="2" failures="0" timestamp="2021-04-02T01:29:33 EDT" time="50.539" errors="0">
  <testcase name="runScenario" time="4.006" classname="io.cucumber.testng.AbstractTestNGCucumberTests"/>
  <testcase name="runScenario" time="46.037" classname="io.cucumber.testng.AbstractTestNGCucumberTests"/>
</testsuite> <!-- Surefire test -->
