<?xml version="1.0" encoding="UTF-8"?>
<!-- Generated by org.testng.reporters.JUnitXMLReporter -->
<testsuite hostname="DESKTOP-CTN8QTI" ignored="0" name="Surefire test" tests="2" failures="0" timestamp="2021-03-31T01:47:43 EDT" time="10.304" errors="0">
  <testcase name="runScenario" time="3.932" classname="io.cucumber.testng.AbstractTestNGCucumberTests"/>
  <testcase name="runScenario" time="5.882" classname="io.cucumber.testng.AbstractTestNGCucumberTests"/>
</testsuite> <!-- Surefire test -->
