<?xml version="1.0" encoding="UTF-8"?>
<testsuite xmlns:xsi="http://www.w3.org/2001/XMLSchema-instance" xsi:noNamespaceSchemaLocation="https://maven.apache.org/surefire/maven-surefire-plugin/xsd/surefire-test-report-3.0.xsd" version="3.0" name="TestSuite" time="51.37" tests="2" errors="0" skipped="0" failures="0">
  <properties>
[...]
</properties>
  <testcase name="runScenario[&quot;Login with valid email and password&quot;, &quot;Optional[Login]&quot;](1)" classname="TestRunner" time="4.038">
    <system-err><![CDATA[SLF4J: Failed to load class "org.slf4j.impl.StaticLoggerBinder".
SLF4J: Defaulting to no-operation (NOP) logger implementation
SLF4J: See http://www.slf4j.org/codes.html#StaticLoggerBinder for further details.
Starting ChromeDriver 89.0.4389.23 (61b08ee2c50024bab004e48d2b1b083cdbdac579-refs/branch-heads/4389@{#294}) on port 35972
Only local connections are allowed.
Please see https://chromedriver.chromium.org/security-considerations for suggestions on keeping ChromeDriver safe.
ChromeDriver was started successfully.
Apr 02, 2021 1:28:45 AM org.openqa.selenium.remote.ProtocolHandshake createSession
INFO: Detected dialect: W3C
]]></system-err>
  </testcase>
  <testcase name="runScenario[&quot;SignUp in Talenttek and Sign back in and Verify firstName,lastName and email from WebTable page&quot;, &quot;Optional[SignUp]&quot;](2)" classname="TestRunner" time="46.483">
    <system-out><![CDATA[Student firstName ==>Sharie
Student lastName>>>Crooks
Student email address<<>>>>>salina.leannon@example.com
TTC0Xa2W
Total rows are>>>>346
Student firstName exist>>>>>Sharie
Total rows are>>>>346
Student LastName exist>>>>>Crooks
Student LastName exist>>>>>Crooks
Student LastName exist>>>>>Crooks
Total rows are>>>>346
Student Email exist>>>>>salina.leannon@example.com
Student Email exist>>>>>mia.spencer@example.com
Student Email exist>>>>>delbert.hodkiewicz@example.com
Student Email exist>>>>>christoper.deckow@example.com
Student Email exist>>>>>lavern.nader@example.com
Student Email exist>>>>>dallas.strosin@example.com
Student Email exist>>>>>ollie.heller@example.com
Student Email exist>>>>>zona.welch@example.com
Student Email exist>>>>>moses.nicolas@example.com
Student Email exist>>>>>randell.casper@example.com
Student Email exist>>>>>darcey.macgyver@example.com
Student Email exist>>>>>tonie.mayert@example.com
Student Email exist>>>>>glenn.ankunding@example.com
Student Email exist>>>>>alaine.ferry@yahoo.com
Student Email exist>>>>>debrah.jaskolski@example.com
Student Email exist>>>>>tomas.reynolds@yahoo.com
Student Email exist>>>>>wanda.goyette@yahoo.com
Student Email exist>>>>>hellen.schaden@gmail.com
Student Email exist>>>>>mankind@gmail.com
Student Email exist>>>>>olinda.monahan@example.com
Student Email exist>>>>>rodney.weimann@example.com
Student Email exist>>>>>julissa.jacobi@example.com
Student Email exist>>>>>uddinborhan38@gmail.com
Student Email exist>>>>>afsana.keya20@gmail.com
Student Email exist>>>>>blair.legros@example.com
Student Email exist>>>>>oliva.cronin@example.com
Student Email exist>>>>>sung.von@example.com
Student Email exist>>>>>gene.jaskolski@example.com
Student Email exist>>>>>issac.cummerata@example.com
Student Email exist>>>>>denis.hyatt@example.com
Student Email exist>>>>>despina.okeefe@example.com
Student Email exist>>>>>stephan.runte@example.com
Student Email exist>>>>>rolf.jast@example.com
Student Email exist>>>>>bill.carter@example.com
Student Email exist>>>>>arla.baumbach@example.com
Student Email exist>>>>>salauddintdestcase994@gmail.com
Student Email exist>>>>>elliott.schulist@example.com
Student Email exist>>>>>aracely.mckenzie@example.com
Student Email exist>>>>>Jamison.Bartoletti68@yahoo.com
Student Email exist>>>>>Valentina0@hotmail.com
Student Email exist>>>>>Rosalia_Marks7@yahoo.com
Student Email exist>>>>>Toney_Quigley@hotmail.com
Student Email exist>>>>>Test2021@gmail.com
Student Email exist>>>>>jhlhahh@khlk.com
Student Email exist>>>>>dewey.herman@example.com
Student Email exist>>>>>imranshaddddkil13@gmail.com
Student Email exist>>>>>mollie.littel@hotmail.com
Student Email exist>>>>>olive.zieme@hotmail.com
Student Email exist>>>>>Veda69@yahoo.com
Student Email exist>>>>>Ozella_Abshire80@hotmail.com
Student Email exist>>>>>Shyann_Ruecker18@hotmail.com
Student Email exist>>>>>Camren65@yahoo.com
Student Email exist>>>>>Winifred.Kassulke81@hotmail.com
Student Email exist>>>>>Charles9@yahoo.com
Student Email exist>>>>>Damian_Hyatt23@yahoo.com
Student Email exist>>>>>Houston_Cole36@gmail.com
Student Email exist>>>>>Heath36@gmail.com
Student Email exist>>>>>Evert8@gmail.com
Student Email exist>>>>>Francisco87@hotmail.com
Student Email exist>>>>>Lon_Mosciski@yahoo.com
Student Email exist>>>>>Alvena75@gmail.com
Student Email exist>>>>>Morgan52@yahoo.com
Student Email exist>>>>>Olga68@hotmail.com
Student Email exist>>>>>florencio.nikolaus@gmail.com
Student Email exist>>>>>Camryn_Carter@hotmail.com
Student Email exist>>>>>Cleta.Kris56@hotmail.com
Student Email exist>>>>>Myron.Fay@hotmail.com
Student Email exist>>>>>Brendon_Hand@yahoo.com
Student Email exist>>>>>Dariana_Kirlin45@gmail.com
Student Email exist>>>>>Gage_Waelchi18@yahoo.com
Student Email exist>>>>>Alyson19@gmail.com
Student Email exist>>>>>Alisha.Kunze@yahoo.com
Student Email exist>>>>>Darrick_Lockman@hotmail.com
Student Email exist>>>>>newstudent4@gmail.com
Student Email exist>>>>>wava.stanton@example.com
Student Email exist>>>>>muriel.white@example.com
Student Email exist>>>>>newstudent2@gmail.com
Student Email exist>>>>>newstudent1@gmail.com
Student Email exist>>>>>bestrateofg59@yahoo.com
Student Email exist>>>>>abcd@gmail.com
Student Email exist>>>>>nice@gmail.com
Student Email exist>>>>>carl.hauck@gmail.com
Student Email exist>>>>>imransssdsdshakil13@gmail.com
Student Email exist>>>>>bob.kihn@hotmail.com
Student Email exist>>>>>agfdgfdg@gmail.com
Student Email exist>>>>>kenneth.dubuque@gmail.com
Student Email exist>>>>>emil.roberts@hotmail.com
Student Email exist>>>>>vern.watsica@gmail.com
Student Email exist>>>>>jewel_gp919@yahoo.com
Student Email exist>>>>>jewel_gp899@yahoo.com
Student Email exist>>>>>jewel_gp999@yahoo.com
Student Email exist>>>>>jewel_gp991@yahoo.com
Student Email exist>>>>>abc@gmail.com
Student Email exist>>>>>restapi123@gmail.com
Student Email exist>>>>>restapi1@gmail.com
Student Email exist>>>>>jhon.doe10@gmail.com
Student Email exist>>>>>jhon.doe21@gmail.com
Student Email exist>>>>>lucile.brekke@gmail.com
Student Email exist>>>>>Farid@gmail.com
Student Email exist>>>>>jerod.kunde@example.com
Student Email exist>>>>>sigmund.hartmann@example.com
Student Email exist>>>>>ezequiel.friesen@example.com
Student Email exist>>>>>austyn.fahey@example.com
Student Email exist>>>>>mahir123@gmail.com
Student Email exist>>>>>tana.feeney@hotmail.com
Student Email exist>>>>>benny.fay@hotmail.com
Student Email exist>>>>>Farid21@gmail.com
Student Email exist>>>>>rich.huels@gmail.com
Student Email exist>>>>>lexie.ebert@hotmail.com
Student Email exist>>>>>hbhuiyan33232@williamhill.us
Student Email exist>>>>>hbhuiyan23dssfa2@williamhill.us
Student Email exist>>>>>hbhuiyan23dsfa2@williamhill.us
Student Email exist>>>>>Test1753@gmail.com
Student Email exist>>>>>leesa.keebler@hotmail.com
Student Email exist>>>>>wilber.pollich@gmail.com
Student Email exist>>>>>kiera.little@gmail.com
Student Email exist>>>>>verda.okon@yahoo.com
Student Email exist>>>>>dante.kuvalis@yahoo.com
Student Email exist>>>>>shyla.brown@yahoo.com
Student Email exist>>>>>shaun.padberg@yahoo.com
Student Email exist>>>>>josue.koss@yahoo.com
Student Email exist>>>>>bertram.schoen@hotmail.com
Student Email exist>>>>>lindsay.hagenes@gmail.com
Student Email exist>>>>>tamala.zemlak@gmail.com
Student Email exist>>>>>autumn.gleason@hotmail.com
Student Email exist>>>>>garfield.weimann@yahoo.com
Student Email exist>>>>>clare.robel@yahoo.com
Student Email exist>>>>>melony.klocko@gmail.com
Student Email exist>>>>>agustin.tromp@yahoo.com
Student Email exist>>>>>donnell.bode@yahoo.com
Student Email exist>>>>>lloyd.waelchi@hotmail.com
Student Email exist>>>>>lacy.ratke@hotmail.com
Student Email exist>>>>>rima.mitchell@yahoo.com
Student Email exist>>>>>ollie.tromp@yahoo.com
Student Email exist>>>>>scott.brown@yahoo.com
Student Email exist>>>>>lesia.walsh@hotmail.com
Student Email exist>>>>>ali.jenkins@gmail.com
Student Email exist>>>>>armida.white@hotmail.com
Student Email exist>>>>>damon.ratke@hotmail.com
Student Email exist>>>>>lee.jast@gmail.com
Student Email exist>>>>>tish.kassulke@gmail.com
Student Email exist>>>>>norris.jakubowski@gmail.com
Student Email exist>>>>>lavern.gutkowski@hotmail.com
Student Email exist>>>>>marshall.douglas@gmail.com
Student Email exist>>>>>magen.klocko@gmail.com
Student Email exist>>>>>deandre.jast@gmail.com
Student Email exist>>>>>cortney.oreilly@hotmail.com
Student Email exist>>>>>kerstin.maggio@gmail.com
Student Email exist>>>>>kelly.schimmel@gmail.com
Student Email exist>>>>>maren.waelchi@yahoo.com
Student Email exist>>>>>deedra.dibbert@yahoo.com
Student Email exist>>>>>branden.jacobson@gmail.com
Student Email exist>>>>>johnathan.dicki@gmail.com
Student Email exist>>>>>francisco.west@yahoo.com
Student Email exist>>>>>zoobee100@gmil.com
Student Email exist>>>>>kent.blick@yahoo.com
Student Email exist>>>>>cherri.lockman@gmail.com
Student Email exist>>>>>imranshakil0eee59@gmail.com
Student Email exist>>>>>taylor.jones@yahoo.com
Student Email exist>>>>>donald.schultz@gmail.com
Student Email exist>>>>>Test1377@gmail.com
Student Email exist>>>>>napoleon.rogahn@gmail.com
Student Email exist>>>>>francisco.daniel@hotmail.com
Student Email exist>>>>>jerrold.medhurst@gmail.com
Student Email exist>>>>>deangelo.ritchie@yahoo.com
Student Email exist>>>>>shane.cole@yahoo.com
Student Email exist>>>>>maritza.kub@hotmail.com
Student Email exist>>>>>laureen.barton@gmail.com
Student Email exist>>>>>sheridan.farrell@yahoo.com
Student Email exist>>>>>fredia.ratke@yahoo.com
Student Email exist>>>>>martina.harber@gmail.com
Student Email exist>>>>>linsey.jones@hotmail.com
Student Email exist>>>>>daniel.hudson@gmail.com
Student Email exist>>>>>peter.hauck@hotmail.com
Student Email exist>>>>>cindie.heaney@hotmail.com
Student Email exist>>>>>leontine.kilback@gmail.com
Student Email exist>>>>>reyes.olson@yahoo.com
Student Email exist>>>>>pearle.fadel@yahoo.com
Student Email exist>>>>>al.trantow@yahoo.com
Student Email exist>>>>>emiko.armstrong@hotmail.com
Student Email exist>>>>>perla.medhurst@yahoo.com
Student Email exist>>>>>devin.parisian@yahoo.com
Student Email exist>>>>>athena.schowalter@hotmail.com
Student Email exist>>>>>ffdxfs555@gmail.com
Student Email exist>>>>>ffdfs555@gmail.com
Student Email exist>>>>>Imranshakil56@gmail.com
Student Email exist>>>>>fidel.hettinger@yahoo.com
Student Email exist>>>>>gaynelle.welch@gmail.com
Student Email exist>>>>>oda.reichel@gmail.com
Student Email exist>>>>>dana.blanda@yahoo.com
Student Email exist>>>>>clemente.schiller@hotmail.com
Student Email exist>>>>>sherman.considine@gmail.com
Student Email exist>>>>>velvet.schmidt@hotmail.com
Student Email exist>>>>>napoleon.purdy@hotmail.com
Student Email exist>>>>>wedqs@gmail.com
Student Email exist>>>>>mahmoodanis26@gmail.com
Student Email exist>>>>>bo.bins@gmail.com
Student Email exist>>>>>art.okuneva@gmail.com
Student Email exist>>>>>mafalda.beier@hotmail.com
Student Email exist>>>>>jewel_gp99@yahoo.com
Student Email exist>>>>>kamruzzaman.ny@gmail.com
Student Email exist>>>>>lon.ward@hotmail.com
Student Email exist>>>>>curt.hansen@gmail.com
Student Email exist>>>>>demetrice.kirlin@gmail.com
Student Email exist>>>>>rueben.ratke@gmail.com
Student Email exist>>>>>yuri.bernier@hotmail.com
Student Email exist>>>>>sid.ortiz@yahoo.com
Student Email exist>>>>>carmelina.effertz@gmail.com
Student Email exist>>>>>angelia.keeling@gmail.com
Student Email exist>>>>>adamlennin@gmail.com
Student Email exist>>>>>sheryll.ondricka@hotmail.com
Student Email exist>>>>>carl.rolfson@gmail.com
Student Email exist>>>>>latia.denesik@yahoo.com
Student Email exist>>>>>hershel.lebsack@gmail.com
Student Email exist>>>>>risa23@gmail.com
Student Email exist>>>>>terrance.boehm@yahoo.com
Student Email exist>>>>>casey.lehner@gmail.com
Student Email exist>>>>>anthony.toy@yahoo.com
Student Email exist>>>>>kayce.greenholt@gmail.com
Student Email exist>>>>>jhon.doe20@gmail.com
Student Email exist>>>>>adamsmith@gmail.com
Student Email exist>>>>>johnlenin45@gmail.con
Student Email exist>>>>>osmanganinyc5@gmail.com
Student Email exist>>>>>jjjj@gmail.com
Student Email exist>>>>>iamnotj@gmail.com
Student Email exist>>>>>jahidapi@gmail.com
Student Email exist>>>>>jhh@gmail.com
Student Email exist>>>>>newstudent@gmail.com
Student Email exist>>>>>day6api@gmail.com
Student Email exist>>>>>jhon.doe25@gmail.com
Student Email exist>>>>>jhon.doe30@gmail.com
Student Email exist>>>>>day4api@gmail.com
Student Email exist>>>>>day3api@gmail.com
Student Email exist>>>>>Sazad101@gmaill.com
Student Email exist>>>>>sadiatabasum2020@gmail.com
Student Email exist>>>>>osmangani360@gmail.com
Student Email exist>>>>>P@gmail.com
Student Email exist>>>>>Test1679@gmail.com
Student Email exist>>>>>Test1528@gmail.com
Student Email exist>>>>>Test1499@gmail.com
Student Email exist>>>>>Test1321@gmail.com
Student Email exist>>>>>JH@gmail.com
Student Email exist>>>>>Test1194@gmail.com
Student Email exist>>>>>Test891@gmail.com
Student Email exist>>>>>Test926@gmail.com
Student Email exist>>>>>Test493@gmail.com
Student Email exist>>>>>Test538@gmail.com
Student Email exist>>>>>Test621@gmail.com
Student Email exist>>>>>Test536@gmail.com
Student Email exist>>>>>Test671@gmail.com
Student Email exist>>>>>hbhuiyan232@williamhill.us
Student Email exist>>>>>Test419@gmail.com
Student Email exist>>>>>Test937@gmail.com
Student Email exist>>>>>Test345@gmail.com
Student Email exist>>>>>acbd@gmail.com
Student Email exist>>>>>khansahar027@gmail.com
Student Email exist>>>>>ashtyn.greenholt@example.com
Student Email exist>>>>>shemar.pagac@example.com
Student Email exist>>>>>mahboob11102@gmail.com
Student Email exist>>>>>emaill@gmail.com
Student Email exist>>>>>Malvina.Barrows49@hotmail.com
Student Email exist>>>>>Shane_Farrell@yahoo.com
Student Email exist>>>>>Junior.Conn@yahoo.com
Student Email exist>>>>>Linnie48@gmail.com
Student Email exist>>>>>Reanna_Wolff@gmail.com
Student Email exist>>>>>Gia_Schowalter@gmail.com
Student Email exist>>>>>Florencio_Ratke81@yahoo.com
Student Email exist>>>>>mahmed.res@gmail.com
Student Email exist>>>>>nobin_probin@hotmail.com
Student Email exist>>>>>abc@hotmail.com
Student Email exist>>>>>day1api@gmail.com
Student Email exist>>>>>day2api@gmail.com
Student Email exist>>>>>test224@gmail.com
Student Email exist>>>>>test2232323242@gmail.com
Student Email exist>>>>>Antwon.Walter@hotmail.com
Student Email exist>>>>>Angel.Bergstrom@hotmail.com
Student Email exist>>>>>Clementina_Bergnaum60@gmail.com
Student Email exist>>>>>Test679@gmail.com
Student Email exist>>>>>Test477@gmail.com
Student Email exist>>>>>Test316@gmail.com
Student Email exist>>>>>Test843@gmail.com
Student Email exist>>>>>Test319@gmail.com
Student Email exist>>>>>Test906@gmail.com
Student Email exist>>>>>Test669@gmail.com
Student Email exist>>>>>keya192001@yahoo.com
Student Email exist>>>>>keya192001@hotmail.com
Student Email exist>>>>>Test403@gmail.com
Student Email exist>>>>>Test196@gmail.com
Student Email exist>>>>>Test708@gmail.com
Student Email exist>>>>>Test137@gmail.com
Student Email exist>>>>>Test633@gmail.com
Student Email exist>>>>>Test238@gmail.com
Student Email exist>>>>>Test869@gmail.com
Student Email exist>>>>>Test314@gmail.com
Student Email exist>>>>>gerald.schamberger@example.com
Student Email exist>>>>>noelia.witting@example.com
Student Email exist>>>>>Test928@gmail.com
Student Email exist>>>>>Test692@gmail.com
Student Email exist>>>>>Test525@gmail.com
Student Email exist>>>>>Test283@gmail.com
Student Email exist>>>>>Test672@gmail.com
Student Email exist>>>>>Mabel78@yahoo.com
Student Email exist>>>>>Test575@gmail.com
Student Email exist>>>>>Test738@gmail.com
Student Email exist>>>>>Test710@gmail.com
Student Email exist>>>>>Test534@gmail.com
Student Email exist>>>>>salauddin45@gmail.com
Student Email exist>>>>>sumahmud21@gmail.com
Student Email exist>>>>>promilimo4@gmail.com
Student Email exist>>>>>Jahid45@gmail.com
Student Email exist>>>>>tasmia242@gmail.com
Student Email exist>>>>>test23232@gmail.com
Student Email exist>>>>>test@gmail.com
Student Email exist>>>>>Queenie.Balistreri99@gmail.com
Student Email exist>>>>>opu.ny2018@gmail.com
Student Email exist>>>>>gvsdv@gmail.com
Student Email exist>>>>>abc@yahoo.com
Student Email exist>>>>>Test682@gmail.com
Student Email exist>>>>>Test272@gmail.com
Student Email exist>>>>>Test844@gmail.com
Student Email exist>>>>>Test793@gmail.com
Student Email exist>>>>>Test657@gmail.com
Student Email exist>>>>>Test755@gmail.com
Student Email exist>>>>>Test629@gmail.com
Student Email exist>>>>>Test646@gmail.com
Student Email exist>>>>>Test892@gmail.com
Student Email exist>>>>>Test559@gmail.com
Student Email exist>>>>>Test836@gmail.com
Student Email exist>>>>>ekmcuz@gmail.com
Student Email exist>>>>>illiaskanchon@yahoo.com
Student Email exist>>>>>email@gmail.com
Student Email exist>>>>>Test503@gmail.com
Student Email exist>>>>>Test510@gmail.com
Student Email exist>>>>>Test430@gmail.com
Student Email exist>>>>>Test110@gmail.com
Student Email exist>>>>>saifur1@gamil.com
Student Email exist>>>>>Test312@gmail.com
Student Email exist>>>>>Test719@gmail.com
Student Email exist>>>>>Hasan1@Gmail.com
Student Email exist>>>>>Test104@gmail.com
Student Email exist>>>>>Test693@gmail.com
Student Email exist>>>>>Test897@gmail.com
Student Email exist>>>>>Test551@gmail.com
Student Email exist>>>>>Test600@gmail.com
Student Email exist>>>>>Test681@gmail.com
Student Email exist>>>>>info@taltektc.com
]]></system-out>
    <system-err><![CDATA[Starting ChromeDriver 89.0.4389.23 (61b08ee2c50024bab004e48d2b1b083cdbdac579-refs/branch-heads/4389@{#294}) on port 31007
Only local connections are allowed.
Please see https://chromedriver.chromium.org/security-considerations for suggestions on keeping ChromeDriver safe.
ChromeDriver was started successfully.
Apr 02, 2021 1:28:48 AM org.openqa.selenium.remote.ProtocolHandshake createSession
INFO: Detected dialect: W3C
]]></system-err>
  </testcase>
</testsuite>